<?xml version="1.0" encoding="UTF-8"?>
<!-- Generated by org.testng.reporters.JUnitReportReporter -->
<testsuite hostname="BPS" failures="0" tests="1" name="Practice.TextTEst" time="30.131" errors="0" timestamp="2022-11-14T01:33:17 IST" skipped="0">
  <testcase classname="Practice.TextTEst" name="test" time="30.131"/>
  <system-out/>
</testsuite> <!-- Practice.TextTEst -->
