<?xml version="1.0" encoding="UTF-8"?>
<!-- Generated by org.testng.reporters.JUnitReportReporter -->
<testsuite hostname="BPS" failures="0" tests="1" name="test.components.Cart_test_002" time="0.064" errors="0" timestamp="2022-10-19T13:44:50 IST" skipped="0">
  <testcase classname="test.components.Cart_test_002" name="addto" time="0.064"/>
  <system-out/>
</testsuite> <!-- test.components.Cart_test_002 -->
