<?xml version="1.0" encoding="UTF-8"?>
<!-- Generated by org.testng.reporters.JUnitReportReporter -->
<testsuite hostname="BPS" failures="0" tests="7" name="test.components.Login_test_001" time="12.374" errors="0" timestamp="2022-10-26T00:42:54 IST" skipped="0">
  <testcase classname="test.components.Login_test_001" name="enterInformation_04" time="0.439"/>
  <system-out/>
  <testcase classname="test.components.Login_test_001" name="complete_06" time="0.036"/>
  <system-out/>
  <testcase classname="test.components.Login_test_001" name="logout_07" time="2.128"/>
  <system-out/>
  <testcase classname="test.components.Login_test_001" name="overview_05" time="0.136"/>
  <system-out/>
  <testcase classname="test.components.Login_test_001" name="addtoCart_02" time="5.447"/>
  <system-out/>
  <testcase classname="test.components.Login_test_001" name="cartPage_03" time="0.107"/>
  <system-out/>
  <testcase classname="test.components.Login_test_001" name="login_test_01" time="4.081"/>
  <system-out/>
</testsuite> <!-- test.components.Login_test_001 -->
