<?xml version="1.0" encoding="UTF-8"?>
<!-- Generated by org.testng.reporters.JUnitReportReporter -->
<testsuite hostname="BPS" failures="0" tests="1" name="Practice.Extentreport" time="3.234" errors="0" timestamp="2022-11-21T21:38:49 IST" skipped="0">
  <testcase classname="Practice.Extentreport" name="login" time="3.234"/>
  <system-out/>
</testsuite> <!-- Practice.Extentreport -->
