<?xml version="1.0" encoding="UTF-8"?>
<!-- Generated by org.testng.reporters.JUnitReportReporter -->
<testsuite hostname="BPS" failures="0" tests="1" name="Velocity.seleniumFrameWork.end_toend" time="39.670" errors="0" timestamp="2022-09-08T11:27:30 IST" skipped="0">
  <testcase classname="Velocity.seleniumFrameWork.end_toend" name="testrun" time="39.670"/>
  <system-out/>
</testsuite> <!-- Velocity.seleniumFrameWork.end_toend -->
